Build started 11/14/2018 3:22:24 AM.
     1>Project "C:\Users\Tarek\Documents\Visual Studio 2012\Projects\Brick Game Battle of Tank\Brick Game Battle of Tank\Brick Game Battle of Tank.vcxproj" on node 2 (Build target(s)).
     1>ClCompile:
         C:\Program Files\Microsoft Visual Studio 11.0\VC\bin\CL.exe /c /ZI /nologo /W3 /WX- /Od /Oy- /Gm /EHsc /RTC1 /MDd /GS /fp:precise /Zc:wchar_t /Zc:forScope /Fo"Debug\\" /Fd"Debug\vc110.pdb" /Gd /TP /analyze- /errorReport:prompt iMain.cpp
         iMain.cpp
     1>c:\users\tarek\documents\visual studio 2012\projects\brick game battle of tank\brick game battle of tank\menu.h(80): warning C4996: 'fopen': This function or variable may be unsafe. Consider using fopen_s instead. To disable deprecation, use _CRT_SECURE_NO_WARNINGS. See online help for details.
                 c:\program files\microsoft visual studio 11.0\vc\include\stdio.h(218) : see declaration of 'fopen'
     1>c:\users\tarek\documents\visual studio 2012\projects\brick game battle of tank\brick game battle of tank\menu.h(98): warning C4996: 'fopen': This function or variable may be unsafe. Consider using fopen_s instead. To disable deprecation, use _CRT_SECURE_NO_WARNINGS. See online help for details.
                 c:\program files\microsoft visual studio 11.0\vc\include\stdio.h(218) : see declaration of 'fopen'
     1>c:\users\tarek\documents\visual studio 2012\projects\brick game battle of tank\brick game battle of tank\menu.h(119): warning C4996: 'fopen': This function or variable may be unsafe. Consider using fopen_s instead. To disable deprecation, use _CRT_SECURE_NO_WARNINGS. See online help for details.
                 c:\program files\microsoft visual studio 11.0\vc\include\stdio.h(218) : see declaration of 'fopen'
     1>c:\users\tarek\documents\visual studio 2012\projects\brick game battle of tank\brick game battle of tank\menu.h(135): warning C4996: 'fopen': This function or variable may be unsafe. Consider using fopen_s instead. To disable deprecation, use _CRT_SECURE_NO_WARNINGS. See online help for details.
                 c:\program files\microsoft visual studio 11.0\vc\include\stdio.h(218) : see declaration of 'fopen'
     1>c:\users\tarek\documents\visual studio 2012\projects\brick game battle of tank\brick game battle of tank\menu.h(158): warning C4996: 'strcpy': This function or variable may be unsafe. Consider using strcpy_s instead. To disable deprecation, use _CRT_SECURE_NO_WARNINGS. See online help for details.
                 c:\program files\microsoft visual studio 11.0\vc\include\string.h(110) : see declaration of 'strcpy'
     1>c:\users\tarek\documents\visual studio 2012\projects\brick game battle of tank\brick game battle of tank\menu.h(159): warning C4996: 'strcpy': This function or variable may be unsafe. Consider using strcpy_s instead. To disable deprecation, use _CRT_SECURE_NO_WARNINGS. See online help for details.
                 c:\program files\microsoft visual studio 11.0\vc\include\string.h(110) : see declaration of 'strcpy'
     1>c:\users\tarek\documents\visual studio 2012\projects\brick game battle of tank\brick game battle of tank\menu.h(160): warning C4996: 'strcpy': This function or variable may be unsafe. Consider using strcpy_s instead. To disable deprecation, use _CRT_SECURE_NO_WARNINGS. See online help for details.
                 c:\program files\microsoft visual studio 11.0\vc\include\string.h(110) : see declaration of 'strcpy'
     1>c:\users\tarek\documents\visual studio 2012\projects\brick game battle of tank\brick game battle of tank\imain.cpp(143): warning C4996: 'strcpy': This function or variable may be unsafe. Consider using strcpy_s instead. To disable deprecation, use _CRT_SECURE_NO_WARNINGS. See online help for details.
                 c:\program files\microsoft visual studio 11.0\vc\include\string.h(110) : see declaration of 'strcpy'
       Link:
         C:\Program Files\Microsoft Visual Studio 11.0\VC\bin\link.exe /ERRORREPORT:PROMPT /OUT:"C:\Users\Tarek\Documents\Visual Studio 2012\Projects\Brick Game Battle of Tank\Debug\Brick Game Battle of Tank.exe" /INCREMENTAL /NOLOGO kernel32.lib user32.lib gdi32.lib winspool.lib comdlg32.lib advapi32.lib shell32.lib ole32.lib oleaut32.lib uuid.lib odbc32.lib odbccp32.lib /MANIFEST /MANIFESTUAC:"level='asInvoker' uiAccess='false'" /manifest:embed /DEBUG /PDB:"C:\Users\Tarek\Documents\Visual Studio 2012\Projects\Brick Game Battle of Tank\Debug\Brick Game Battle of Tank.pdb" /TLBID:1 /DYNAMICBASE /NXCOMPAT /IMPLIB:"C:\Users\Tarek\Documents\Visual Studio 2012\Projects\Brick Game Battle of Tank\Debug\Brick Game Battle of Tank.lib" /MACHINE:X86 Debug\iMain.obj
         Brick Game Battle of Tank.vcxproj -> C:\Users\Tarek\Documents\Visual Studio 2012\Projects\Brick Game Battle of Tank\Debug\Brick Game Battle of Tank.exe
     1>Done Building Project "C:\Users\Tarek\Documents\Visual Studio 2012\Projects\Brick Game Battle of Tank\Brick Game Battle of Tank\Brick Game Battle of Tank.vcxproj" (Build target(s)).

Build succeeded.

Time Elapsed 00:00:04.78
