C:\USERS\TAREK\DOCUMENTS\VISUAL STUDIO 2012\PROJECTS\BRICK GAME BATTLE OF TANK\BRICK GAME BATTLE OF TANK\DEBUG\IMAIN.OBJ
C:\USERS\TAREK\DOCUMENTS\VISUAL STUDIO 2012\PROJECTS\BRICK GAME BATTLE OF TANK\BRICK GAME BATTLE OF TANK\DEBUG\VC110.PDB
C:\USERS\TAREK\DOCUMENTS\VISUAL STUDIO 2012\PROJECTS\BRICK GAME BATTLE OF TANK\DEBUG\BRICK GAME BATTLE OF TANK.ILK
C:\USERS\TAREK\DOCUMENTS\VISUAL STUDIO 2012\PROJECTS\BRICK GAME BATTLE OF TANK\DEBUG\BRICK GAME BATTLE OF TANK.EXE
C:\USERS\TAREK\DOCUMENTS\VISUAL STUDIO 2012\PROJECTS\BRICK GAME BATTLE OF TANK\DEBUG\BRICK GAME BATTLE OF TANK.PDB
C:\Users\Tarek\Documents\Visual Studio 2012\Projects\Brick Game Battle of Tank\Brick Game Battle of Tank\Debug\iMain.obj
C:\Users\Tarek\Documents\Visual Studio 2012\Projects\Brick Game Battle of Tank\Brick Game Battle of Tank\Debug\cl.command.1.tlog
C:\Users\Tarek\Documents\Visual Studio 2012\Projects\Brick Game Battle of Tank\Brick Game Battle of Tank\Debug\CL.read.1.tlog
C:\Users\Tarek\Documents\Visual Studio 2012\Projects\Brick Game Battle of Tank\Brick Game Battle of Tank\Debug\CL.write.1.tlog
C:\Users\Tarek\Documents\Visual Studio 2012\Projects\Brick Game Battle of Tank\Brick Game Battle of Tank\Debug\link-cvtres.read.1.tlog
C:\Users\Tarek\Documents\Visual Studio 2012\Projects\Brick Game Battle of Tank\Brick Game Battle of Tank\Debug\link-cvtres.write.1.tlog
C:\Users\Tarek\Documents\Visual Studio 2012\Projects\Brick Game Battle of Tank\Brick Game Battle of Tank\Debug\link-rc.read.1.tlog
C:\Users\Tarek\Documents\Visual Studio 2012\Projects\Brick Game Battle of Tank\Brick Game Battle of Tank\Debug\link-rc.write.1.tlog
C:\Users\Tarek\Documents\Visual Studio 2012\Projects\Brick Game Battle of Tank\Brick Game Battle of Tank\Debug\link.2512-cvtres.read.1.tlog
C:\Users\Tarek\Documents\Visual Studio 2012\Projects\Brick Game Battle of Tank\Brick Game Battle of Tank\Debug\link.2512-cvtres.write.1.tlog
C:\Users\Tarek\Documents\Visual Studio 2012\Projects\Brick Game Battle of Tank\Brick Game Battle of Tank\Debug\link.2512-rc.read.1.tlog
C:\Users\Tarek\Documents\Visual Studio 2012\Projects\Brick Game Battle of Tank\Brick Game Battle of Tank\Debug\link.2512-rc.write.1.tlog
C:\Users\Tarek\Documents\Visual Studio 2012\Projects\Brick Game Battle of Tank\Brick Game Battle of Tank\Debug\link.2512.read.1.tlog
C:\Users\Tarek\Documents\Visual Studio 2012\Projects\Brick Game Battle of Tank\Brick Game Battle of Tank\Debug\link.2512.write.1.tlog
C:\Users\Tarek\Documents\Visual Studio 2012\Projects\Brick Game Battle of Tank\Brick Game Battle of Tank\Debug\link.2608-cvtres.read.1.tlog
C:\Users\Tarek\Documents\Visual Studio 2012\Projects\Brick Game Battle of Tank\Brick Game Battle of Tank\Debug\link.2608-cvtres.write.1.tlog
C:\Users\Tarek\Documents\Visual Studio 2012\Projects\Brick Game Battle of Tank\Brick Game Battle of Tank\Debug\link.2608-rc.read.1.tlog
C:\Users\Tarek\Documents\Visual Studio 2012\Projects\Brick Game Battle of Tank\Brick Game Battle of Tank\Debug\link.2608-rc.write.1.tlog
C:\Users\Tarek\Documents\Visual Studio 2012\Projects\Brick Game Battle of Tank\Brick Game Battle of Tank\Debug\link.2608.read.1.tlog
C:\Users\Tarek\Documents\Visual Studio 2012\Projects\Brick Game Battle of Tank\Brick Game Battle of Tank\Debug\link.2608.write.1.tlog
C:\Users\Tarek\Documents\Visual Studio 2012\Projects\Brick Game Battle of Tank\Brick Game Battle of Tank\Debug\link.3048-cvtres.read.1.tlog
C:\Users\Tarek\Documents\Visual Studio 2012\Projects\Brick Game Battle of Tank\Brick Game Battle of Tank\Debug\link.3048-cvtres.write.1.tlog
C:\Users\Tarek\Documents\Visual Studio 2012\Projects\Brick Game Battle of Tank\Brick Game Battle of Tank\Debug\link.3048-rc.read.1.tlog
C:\Users\Tarek\Documents\Visual Studio 2012\Projects\Brick Game Battle of Tank\Brick Game Battle of Tank\Debug\link.3048-rc.write.1.tlog
C:\Users\Tarek\Documents\Visual Studio 2012\Projects\Brick Game Battle of Tank\Brick Game Battle of Tank\Debug\link.3048.read.1.tlog
C:\Users\Tarek\Documents\Visual Studio 2012\Projects\Brick Game Battle of Tank\Brick Game Battle of Tank\Debug\link.3048.write.1.tlog
C:\Users\Tarek\Documents\Visual Studio 2012\Projects\Brick Game Battle of Tank\Brick Game Battle of Tank\Debug\link.3984-cvtres.read.1.tlog
C:\Users\Tarek\Documents\Visual Studio 2012\Projects\Brick Game Battle of Tank\Brick Game Battle of Tank\Debug\link.3984-cvtres.write.1.tlog
C:\Users\Tarek\Documents\Visual Studio 2012\Projects\Brick Game Battle of Tank\Brick Game Battle of Tank\Debug\link.3984-rc.read.1.tlog
C:\Users\Tarek\Documents\Visual Studio 2012\Projects\Brick Game Battle of Tank\Brick Game Battle of Tank\Debug\link.3984-rc.write.1.tlog
C:\Users\Tarek\Documents\Visual Studio 2012\Projects\Brick Game Battle of Tank\Brick Game Battle of Tank\Debug\link.3984.read.1.tlog
C:\Users\Tarek\Documents\Visual Studio 2012\Projects\Brick Game Battle of Tank\Brick Game Battle of Tank\Debug\link.3984.write.1.tlog
C:\Users\Tarek\Documents\Visual Studio 2012\Projects\Brick Game Battle of Tank\Brick Game Battle of Tank\Debug\link.5128-cvtres.read.1.tlog
C:\Users\Tarek\Documents\Visual Studio 2012\Projects\Brick Game Battle of Tank\Brick Game Battle of Tank\Debug\link.5128-cvtres.write.1.tlog
C:\Users\Tarek\Documents\Visual Studio 2012\Projects\Brick Game Battle of Tank\Brick Game Battle of Tank\Debug\link.5128-rc.read.1.tlog
C:\Users\Tarek\Documents\Visual Studio 2012\Projects\Brick Game Battle of Tank\Brick Game Battle of Tank\Debug\link.5128-rc.write.1.tlog
C:\Users\Tarek\Documents\Visual Studio 2012\Projects\Brick Game Battle of Tank\Brick Game Battle of Tank\Debug\link.5128.read.1.tlog
C:\Users\Tarek\Documents\Visual Studio 2012\Projects\Brick Game Battle of Tank\Brick Game Battle of Tank\Debug\link.5128.write.1.tlog
C:\Users\Tarek\Documents\Visual Studio 2012\Projects\Brick Game Battle of Tank\Brick Game Battle of Tank\Debug\link.command.1.tlog
C:\Users\Tarek\Documents\Visual Studio 2012\Projects\Brick Game Battle of Tank\Brick Game Battle of Tank\Debug\link.read.1.tlog
C:\Users\Tarek\Documents\Visual Studio 2012\Projects\Brick Game Battle of Tank\Brick Game Battle of Tank\Debug\link.write.1.tlog
C:\Users\Tarek\Documents\Visual Studio 2012\Projects\Brick Game Battle of Tank\Brick Game Battle of Tank\Debug\vc110.idb
C:\Users\Tarek\Documents\Visual Studio 2012\Projects\Brick Game Battle of Tank\Brick Game Battle of Tank\Debug\vc110.pdb
C:\Users\Tarek\Documents\Visual Studio 2012\Projects\Brick Game Battle of Tank\Debug\Brick Game Battle of Tank.pdb
C:\Users\Tarek\Documents\Visual Studio 2012\Projects\Brick Game Battle of Tank\Debug\Brick Game Battle of Tank.exe
C:\Users\Tarek\Documents\Visual Studio 2012\Projects\Brick Game Battle of Tank\Debug\Brick Game Battle of Tank.ilk
